2022-10-10 12:54:08.075  INFO 16652 --- [restartedMain] c.p.U.UserManagementServiceApplication   : Starting UserManagementServiceApplication using Java 15.0.1 on DESKTOP-4DGDQVK with PID 16652 (D:\MicrosevicesApp\Project\UserManagementService\target\classes started by Doomsday in D:\MicrosevicesApp\Project\UserManagementService)
2022-10-10 12:54:08.088  INFO 16652 --- [restartedMain] c.p.U.UserManagementServiceApplication   : No active profile set, falling back to 1 default profile: "default"
2022-10-10 12:54:08.223  INFO 16652 --- [restartedMain] .e.DevToolsPropertyDefaultsPostProcessor : Devtools property defaults active! Set 'spring.devtools.add-properties' to 'false' to disable
2022-10-10 12:54:08.224  INFO 16652 --- [restartedMain] .e.DevToolsPropertyDefaultsPostProcessor : For additional web related logging consider setting the 'logging.level.web' property to 'DEBUG'
2022-10-10 12:54:11.188  INFO 16652 --- [restartedMain] .s.d.r.c.RepositoryConfigurationDelegate : Bootstrapping Spring Data MongoDB repositories in DEFAULT mode.
2022-10-10 12:54:11.496  INFO 16652 --- [restartedMain] .s.d.r.c.RepositoryConfigurationDelegate : Finished Spring Data repository scanning in 297 ms. Found 1 MongoDB repository interfaces.
2022-10-10 12:54:12.172  INFO 16652 --- [restartedMain] o.s.cloud.context.scope.GenericScope     : BeanFactory id=48ab36f8-be30-31e6-be21-c7a1e75f6d6f
2022-10-10 12:54:14.345  INFO 16652 --- [restartedMain] o.s.b.w.embedded.tomcat.TomcatWebServer  : Tomcat initialized with port(s): 8070 (http)
2022-10-10 12:54:14.378  INFO 16652 --- [restartedMain] o.apache.catalina.core.StandardService   : Starting service [Tomcat]
2022-10-10 12:54:14.379  INFO 16652 --- [restartedMain] org.apache.catalina.core.StandardEngine  : Starting Servlet engine: [Apache Tomcat/9.0.65]
2022-10-10 12:54:14.949  INFO 16652 --- [restartedMain] o.a.c.c.C.[Tomcat].[localhost].[/]       : Initializing Spring embedded WebApplicationContext
2022-10-10 12:54:14.950  INFO 16652 --- [restartedMain] w.s.c.ServletWebServerApplicationContext : Root WebApplicationContext: initialization completed in 6714 ms
2022-10-10 12:54:16.656  INFO 16652 --- [restartedMain] org.mongodb.driver.client                : MongoClient with metadata {"driver": {"name": "mongo-java-driver|sync|spring-boot", "version": "4.6.1"}, "os": {"type": "Windows", "name": "Windows 10", "architecture": "amd64", "version": "10.0"}, "platform": "Java/Oracle Corporation/15.0.1+9-18"} created with settings MongoClientSettings{readPreference=primary, writeConcern=WriteConcern{w=majority, wTimeout=null ms, journal=null}, retryWrites=true, retryReads=true, readConcern=ReadConcern{level=null}, credential=MongoCredential{mechanism=null, userName='Saathvik', source='admin', password=<hidden>, mechanismProperties=<hidden>}, streamFactoryFactory=null, commandListeners=[], codecRegistry=ProvidersCodecRegistry{codecProviders=[ValueCodecProvider{}, BsonValueCodecProvider{}, DBRefCodecProvider{}, DBObjectCodecProvider{}, DocumentCodecProvider{}, IterableCodecProvider{}, MapCodecProvider{}, GeoJsonCodecProvider{}, GridFSFileCodecProvider{}, Jsr310CodecProvider{}, JsonObjectCodecProvider{}, BsonCodecProvider{}, EnumCodecProvider{}, com.mongodb.Jep395RecordCodecProvider@7a171f5e]}, clusterSettings={hosts=[127.0.0.1:27017], srvHost=cluster0.aloxi4w.mongodb.net, srvServiceName=mongodb, mode=MULTIPLE, requiredClusterType=REPLICA_SET, requiredReplicaSetName='atlas-qmiuy4-shard-0', serverSelector='null', clusterListeners='[]', serverSelectionTimeout='30000 ms', localThreshold='30000 ms'}, socketSettings=SocketSettings{connectTimeoutMS=10000, readTimeoutMS=0, receiveBufferSize=0, sendBufferSize=0}, heartbeatSocketSettings=SocketSettings{connectTimeoutMS=10000, readTimeoutMS=10000, receiveBufferSize=0, sendBufferSize=0}, connectionPoolSettings=ConnectionPoolSettings{maxSize=100, minSize=0, maxWaitTimeMS=120000, maxConnectionLifeTimeMS=0, maxConnectionIdleTimeMS=0, maintenanceInitialDelayMS=0, maintenanceFrequencyMS=60000, connectionPoolListeners=[], maxConnecting=2}, serverSettings=ServerSettings{heartbeatFrequencyMS=10000, minHeartbeatFrequencyMS=500, serverListeners='[]', serverMonitorListeners='[]'}, sslSettings=SslSettings{enabled=true, invalidHostNameAllowed=false, context=null}, applicationName='null', compressorList=[], uuidRepresentation=JAVA_LEGACY, serverApi=null, autoEncryptionSettings=null, contextProvider=null}
2022-10-10 12:54:16.705  INFO 16652 --- [cluster-ClusterId{value='6343c8a072ce4e687142105f', description='null'}-srv-cluster0.aloxi4w.mongodb.net] org.mongodb.driver.cluster               : Adding discovered server ac-g1o6n6r-shard-00-01.aloxi4w.mongodb.net:27017 to client view of cluster
2022-10-10 12:54:16.749  INFO 16652 --- [cluster-ClusterId{value='6343c8a072ce4e687142105f', description='null'}-srv-cluster0.aloxi4w.mongodb.net] org.mongodb.driver.cluster               : Adding discovered server ac-g1o6n6r-shard-00-02.aloxi4w.mongodb.net:27017 to client view of cluster
2022-10-10 12:54:16.755  INFO 16652 --- [cluster-ClusterId{value='6343c8a072ce4e687142105f', description='null'}-srv-cluster0.aloxi4w.mongodb.net] org.mongodb.driver.cluster               : Adding discovered server ac-g1o6n6r-shard-00-00.aloxi4w.mongodb.net:27017 to client view of cluster
2022-10-10 12:54:17.159  WARN 16652 --- [restartedMain] o.s.data.convert.CustomConversions       : Registering converter from class java.time.LocalDateTime to class org.joda.time.LocalDateTime as reading converter although it doesn't convert from a store-supported type; You might want to check your annotation setup at the converter implementation
2022-10-10 12:54:18.011  WARN 16652 --- [restartedMain] o.s.data.convert.CustomConversions       : Registering converter from class java.time.LocalDateTime to class org.joda.time.LocalDateTime as reading converter although it doesn't convert from a store-supported type; You might want to check your annotation setup at the converter implementation
2022-10-10 12:54:18.532  INFO 16652 --- [cluster-ClusterId{value='6343c8a072ce4e687142105f', description='null'}-ac-g1o6n6r-shard-00-00.aloxi4w.mongodb.net:27017] org.mongodb.driver.connection            : Opened connection [connectionId{localValue:4, serverValue:159233}] to ac-g1o6n6r-shard-00-00.aloxi4w.mongodb.net:27017
2022-10-10 12:54:18.533  INFO 16652 --- [cluster-ClusterId{value='6343c8a072ce4e687142105f', description='null'}-ac-g1o6n6r-shard-00-00.aloxi4w.mongodb.net:27017] org.mongodb.driver.cluster               : Monitor thread successfully connected to server with description ServerDescription{address=ac-g1o6n6r-shard-00-00.aloxi4w.mongodb.net:27017, type=REPLICA_SET_SECONDARY, state=CONNECTED, ok=true, minWireVersion=0, maxWireVersion=13, maxDocumentSize=16777216, logicalSessionTimeoutMinutes=30, roundTripTimeNanos=609485900, setName='atlas-qmiuy4-shard-0', canonicalAddress=ac-g1o6n6r-shard-00-00.aloxi4w.mongodb.net:27017, hosts=[ac-g1o6n6r-shard-00-01.aloxi4w.mongodb.net:27017, ac-g1o6n6r-shard-00-02.aloxi4w.mongodb.net:27017, ac-g1o6n6r-shard-00-00.aloxi4w.mongodb.net:27017], passives=[], arbiters=[], primary='ac-g1o6n6r-shard-00-01.aloxi4w.mongodb.net:27017', tagSet=TagSet{[Tag{name='nodeType', value='ELECTABLE'}, Tag{name='provider', value='AWS'}, Tag{name='region', value='AP_SOUTH_1'}, Tag{name='workloadType', value='OPERATIONAL'}]}, electionId=null, setVersion=3, topologyVersion=TopologyVersion{processId=633c59fcdc4191eb6c6131c8, counter=4}, lastWriteDate=Mon Oct 10 12:54:18 IST 2022, lastUpdateTimeNanos=826206207129100}
2022-10-10 12:54:18.537  INFO 16652 --- [cluster-rtt-ClusterId{value='6343c8a072ce4e687142105f', description='null'}-ac-g1o6n6r-shard-00-00.aloxi4w.mongodb.net:27017] org.mongodb.driver.connection            : Opened connection [connectionId{localValue:6, serverValue:159259}] to ac-g1o6n6r-shard-00-00.aloxi4w.mongodb.net:27017
2022-10-10 12:54:18.539  INFO 16652 --- [cluster-rtt-ClusterId{value='6343c8a072ce4e687142105f', description='null'}-ac-g1o6n6r-shard-00-01.aloxi4w.mongodb.net:27017] org.mongodb.driver.connection            : Opened connection [connectionId{localValue:1, serverValue:168110}] to ac-g1o6n6r-shard-00-01.aloxi4w.mongodb.net:27017
2022-10-10 12:54:18.541  INFO 16652 --- [cluster-rtt-ClusterId{value='6343c8a072ce4e687142105f', description='null'}-ac-g1o6n6r-shard-00-02.aloxi4w.mongodb.net:27017] org.mongodb.driver.connection            : Opened connection [connectionId{localValue:5, serverValue:99249}] to ac-g1o6n6r-shard-00-02.aloxi4w.mongodb.net:27017
2022-10-10 12:54:18.543  INFO 16652 --- [cluster-ClusterId{value='6343c8a072ce4e687142105f', description='null'}-ac-g1o6n6r-shard-00-01.aloxi4w.mongodb.net:27017] org.mongodb.driver.connection            : Opened connection [connectionId{localValue:2, serverValue:168145}] to ac-g1o6n6r-shard-00-01.aloxi4w.mongodb.net:27017
2022-10-10 12:54:18.544  INFO 16652 --- [cluster-ClusterId{value='6343c8a072ce4e687142105f', description='null'}-ac-g1o6n6r-shard-00-01.aloxi4w.mongodb.net:27017] org.mongodb.driver.cluster               : Monitor thread successfully connected to server with description ServerDescription{address=ac-g1o6n6r-shard-00-01.aloxi4w.mongodb.net:27017, type=REPLICA_SET_PRIMARY, state=CONNECTED, ok=true, minWireVersion=0, maxWireVersion=13, maxDocumentSize=16777216, logicalSessionTimeoutMinutes=30, roundTripTimeNanos=614422100, setName='atlas-qmiuy4-shard-0', canonicalAddress=ac-g1o6n6r-shard-00-01.aloxi4w.mongodb.net:27017, hosts=[ac-g1o6n6r-shard-00-01.aloxi4w.mongodb.net:27017, ac-g1o6n6r-shard-00-02.aloxi4w.mongodb.net:27017, ac-g1o6n6r-shard-00-00.aloxi4w.mongodb.net:27017], passives=[], arbiters=[], primary='ac-g1o6n6r-shard-00-01.aloxi4w.mongodb.net:27017', tagSet=TagSet{[Tag{name='nodeType', value='ELECTABLE'}, Tag{name='provider', value='AWS'}, Tag{name='region', value='AP_SOUTH_1'}, Tag{name='workloadType', value='OPERATIONAL'}]}, electionId=7fffffff0000000000000073, setVersion=3, topologyVersion=TopologyVersion{processId=633c5a50f3238b6a011b7400, counter=6}, lastWriteDate=Mon Oct 10 12:54:18 IST 2022, lastUpdateTimeNanos=826206219741500}
2022-10-10 12:54:18.548  INFO 16652 --- [cluster-ClusterId{value='6343c8a072ce4e687142105f', description='null'}-ac-g1o6n6r-shard-00-01.aloxi4w.mongodb.net:27017] org.mongodb.driver.cluster               : Setting max election id to 7fffffff0000000000000073 from replica set primary ac-g1o6n6r-shard-00-01.aloxi4w.mongodb.net:27017
2022-10-10 12:54:18.548  INFO 16652 --- [cluster-ClusterId{value='6343c8a072ce4e687142105f', description='null'}-ac-g1o6n6r-shard-00-02.aloxi4w.mongodb.net:27017] org.mongodb.driver.connection            : Opened connection [connectionId{localValue:3, serverValue:99249}] to ac-g1o6n6r-shard-00-02.aloxi4w.mongodb.net:27017
2022-10-10 12:54:18.550  INFO 16652 --- [cluster-ClusterId{value='6343c8a072ce4e687142105f', description='null'}-ac-g1o6n6r-shard-00-02.aloxi4w.mongodb.net:27017] org.mongodb.driver.cluster               : Monitor thread successfully connected to server with description ServerDescription{address=ac-g1o6n6r-shard-00-02.aloxi4w.mongodb.net:27017, type=REPLICA_SET_SECONDARY, state=CONNECTED, ok=true, minWireVersion=0, maxWireVersion=13, maxDocumentSize=16777216, logicalSessionTimeoutMinutes=30, roundTripTimeNanos=626746000, setName='atlas-qmiuy4-shard-0', canonicalAddress=ac-g1o6n6r-shard-00-02.aloxi4w.mongodb.net:27017, hosts=[ac-g1o6n6r-shard-00-01.aloxi4w.mongodb.net:27017, ac-g1o6n6r-shard-00-02.aloxi4w.mongodb.net:27017, ac-g1o6n6r-shard-00-00.aloxi4w.mongodb.net:27017], passives=[], arbiters=[], primary='ac-g1o6n6r-shard-00-01.aloxi4w.mongodb.net:27017', tagSet=TagSet{[Tag{name='nodeType', value='ELECTABLE'}, Tag{name='provider', value='AWS'}, Tag{name='region', value='AP_SOUTH_1'}, Tag{name='workloadType', value='OPERATIONAL'}]}, electionId=null, setVersion=3, topologyVersion=TopologyVersion{processId=633f0382b0e4ba27171b3844, counter=3}, lastWriteDate=Mon Oct 10 12:54:18 IST 2022, lastUpdateTimeNanos=826206224653300}
2022-10-10 12:54:18.548  INFO 16652 --- [cluster-ClusterId{value='6343c8a072ce4e687142105f', description='null'}-ac-g1o6n6r-shard-00-01.aloxi4w.mongodb.net:27017] org.mongodb.driver.cluster               : Setting max set version to 3 from replica set primary ac-g1o6n6r-shard-00-01.aloxi4w.mongodb.net:27017
2022-10-10 12:54:18.559  INFO 16652 --- [cluster-ClusterId{value='6343c8a072ce4e687142105f', description='null'}-ac-g1o6n6r-shard-00-01.aloxi4w.mongodb.net:27017] org.mongodb.driver.cluster               : Discovered replica set primary ac-g1o6n6r-shard-00-01.aloxi4w.mongodb.net:27017
2022-10-10 12:54:19.299  WARN 16652 --- [restartedMain] o.s.b.d.a.OptionalLiveReloadServer       : Unable to start LiveReload server
2022-10-10 12:54:21.652  WARN 16652 --- [restartedMain] o.s.s.c.a.web.builders.WebSecurity       : You are asking Spring Security to ignore Ant [pattern='/v2/api-docs']. This is not recommended -- please use permitAll via HttpSecurity#authorizeHttpRequests instead.
2022-10-10 12:54:21.654  INFO 16652 --- [restartedMain] o.s.s.web.DefaultSecurityFilterChain     : Will not secure Ant [pattern='/v2/api-docs']
2022-10-10 12:54:21.656  WARN 16652 --- [restartedMain] o.s.s.c.a.web.builders.WebSecurity       : You are asking Spring Security to ignore Ant [pattern='/configuration/ui']. This is not recommended -- please use permitAll via HttpSecurity#authorizeHttpRequests instead.
2022-10-10 12:54:21.657  INFO 16652 --- [restartedMain] o.s.s.web.DefaultSecurityFilterChain     : Will not secure Ant [pattern='/configuration/ui']
2022-10-10 12:54:21.658  WARN 16652 --- [restartedMain] o.s.s.c.a.web.builders.WebSecurity       : You are asking Spring Security to ignore Ant [pattern='/swagger-resources/**']. This is not recommended -- please use permitAll via HttpSecurity#authorizeHttpRequests instead.
2022-10-10 12:54:21.660  INFO 16652 --- [restartedMain] o.s.s.web.DefaultSecurityFilterChain     : Will not secure Ant [pattern='/swagger-resources/**']
2022-10-10 12:54:21.665  WARN 16652 --- [restartedMain] o.s.s.c.a.web.builders.WebSecurity       : You are asking Spring Security to ignore Ant [pattern='/configuration/security']. This is not recommended -- please use permitAll via HttpSecurity#authorizeHttpRequests instead.
2022-10-10 12:54:21.666  INFO 16652 --- [restartedMain] o.s.s.web.DefaultSecurityFilterChain     : Will not secure Ant [pattern='/configuration/security']
2022-10-10 12:54:21.666  WARN 16652 --- [restartedMain] o.s.s.c.a.web.builders.WebSecurity       : You are asking Spring Security to ignore Ant [pattern='/swagger-ui.html']. This is not recommended -- please use permitAll via HttpSecurity#authorizeHttpRequests instead.
2022-10-10 12:54:21.668  INFO 16652 --- [restartedMain] o.s.s.web.DefaultSecurityFilterChain     : Will not secure Ant [pattern='/swagger-ui.html']
2022-10-10 12:54:21.668  WARN 16652 --- [restartedMain] o.s.s.c.a.web.builders.WebSecurity       : You are asking Spring Security to ignore Ant [pattern='/swagger-ui.html']. This is not recommended -- please use permitAll via HttpSecurity#authorizeHttpRequests instead.
2022-10-10 12:54:21.669  INFO 16652 --- [restartedMain] o.s.s.web.DefaultSecurityFilterChain     : Will not secure Ant [pattern='/swagger-ui.html']
2022-10-10 12:54:21.669  WARN 16652 --- [restartedMain] o.s.s.c.a.web.builders.WebSecurity       : You are asking Spring Security to ignore Ant [pattern='/webjars/**']. This is not recommended -- please use permitAll via HttpSecurity#authorizeHttpRequests instead.
2022-10-10 12:54:21.670  INFO 16652 --- [restartedMain] o.s.s.web.DefaultSecurityFilterChain     : Will not secure Ant [pattern='/webjars/**']
2022-10-10 12:54:21.845  INFO 16652 --- [restartedMain] o.s.s.web.DefaultSecurityFilterChain     : Will secure any request with [org.springframework.security.web.session.DisableEncodeUrlFilter@f22e431, org.springframework.security.web.context.request.async.WebAsyncManagerIntegrationFilter@47f9d129, org.springframework.security.web.context.SecurityContextPersistenceFilter@7d8aae27, org.springframework.security.web.header.HeaderWriterFilter@44169dad, org.springframework.security.web.authentication.logout.LogoutFilter@66d3f3b, com.project.UserManagementService.service.JwtFilterRequest@3c0a50e, org.springframework.security.web.authentication.www.BasicAuthenticationFilter@2e3d438c, org.springframework.security.web.savedrequest.RequestCacheAwareFilter@148bb436, org.springframework.security.web.servletapi.SecurityContextHolderAwareRequestFilter@b28f820, org.springframework.security.web.authentication.AnonymousAuthenticationFilter@31ccb79, org.springframework.security.web.session.SessionManagementFilter@2e09c7d4, org.springframework.security.web.access.ExceptionTranslationFilter@4c0c40c8, org.springframework.security.web.access.intercept.FilterSecurityInterceptor@53d3a117]
2022-10-10 12:54:21.940  INFO 16652 --- [restartedMain] pertySourcedRequestMappingHandlerMapping : Mapped URL path [/v2/api-docs] onto method [springfox.documentation.swagger2.web.Swagger2Controller#getDocumentation(String, HttpServletRequest)]
2022-10-10 12:54:23.365  INFO 16652 --- [restartedMain] DiscoveryClientOptionalArgsConfiguration : Eureka HTTP Client uses RestTemplate.
2022-10-10 12:54:24.049  WARN 16652 --- [restartedMain] iguration$LoadBalancerCaffeineWarnLogger : Spring Cloud LoadBalancer is currently working with the default cache. While this cache implementation is useful for development and tests, it's recommended to use Caffeine cache in production.You can switch to using Caffeine cache, by adding it and org.springframework.cache.caffeine.CaffeineCacheManager to the classpath.
2022-10-10 12:54:24.163  INFO 16652 --- [restartedMain] o.s.c.n.eureka.InstanceInfoFactory       : Setting initial instance status as: STARTING
2022-10-10 12:54:24.496  INFO 16652 --- [restartedMain] com.netflix.discovery.DiscoveryClient    : Initializing Eureka in region us-east-1
2022-10-10 12:54:24.516  INFO 16652 --- [restartedMain] c.n.d.s.r.aws.ConfigClusterResolver      : Resolving eureka endpoints via configuration
2022-10-10 12:54:24.653  INFO 16652 --- [restartedMain] com.netflix.discovery.DiscoveryClient    : Disable delta property : false
2022-10-10 12:54:24.654  INFO 16652 --- [restartedMain] com.netflix.discovery.DiscoveryClient    : Single vip registry refresh property : null
2022-10-10 12:54:24.655  INFO 16652 --- [restartedMain] com.netflix.discovery.DiscoveryClient    : Force full registry fetch : false
2022-10-10 12:54:24.655  INFO 16652 --- [restartedMain] com.netflix.discovery.DiscoveryClient    : Application is null : false
2022-10-10 12:54:24.656  INFO 16652 --- [restartedMain] com.netflix.discovery.DiscoveryClient    : Registered Applications size is zero : true
2022-10-10 12:54:24.656  INFO 16652 --- [restartedMain] com.netflix.discovery.DiscoveryClient    : Application version is -1: true
2022-10-10 12:54:24.656  INFO 16652 --- [restartedMain] com.netflix.discovery.DiscoveryClient    : Getting all instance registry info from the eureka server
2022-10-10 12:54:25.570  INFO 16652 --- [restartedMain] com.netflix.discovery.DiscoveryClient    : The response status is 200
2022-10-10 12:54:25.580  INFO 16652 --- [restartedMain] com.netflix.discovery.DiscoveryClient    : Starting heartbeat executor: renew interval is: 30
2022-10-10 12:54:25.590  INFO 16652 --- [restartedMain] c.n.discovery.InstanceInfoReplicator     : InstanceInfoReplicator onDemand update allowed rate per min is 4
2022-10-10 12:54:25.611  INFO 16652 --- [restartedMain] com.netflix.discovery.DiscoveryClient    : Discovery Client initialized at timestamp 1665386665608 with initial instances count: 2
2022-10-10 12:54:25.614  INFO 16652 --- [restartedMain] o.s.c.n.e.s.EurekaServiceRegistry        : Registering application USER-MANAGEMENT-SERVICE with eureka with status UP
2022-10-10 12:54:25.616  INFO 16652 --- [restartedMain] com.netflix.discovery.DiscoveryClient    : Saw local status change event StatusChangeEvent [timestamp=1665386665615, current=UP, previous=STARTING]
2022-10-10 12:54:25.667  INFO 16652 --- [DiscoveryClient-InstanceInfoReplicator-0] com.netflix.discovery.DiscoveryClient    : DiscoveryClient_USER-MANAGEMENT-SERVICE/DESKTOP-4DGDQVK:User-management-service:8070: registering service...
2022-10-10 12:54:25.727  INFO 16652 --- [restartedMain] o.s.b.w.embedded.tomcat.TomcatWebServer  : Tomcat started on port(s): 8070 (http) with context path ''
2022-10-10 12:54:25.730  INFO 16652 --- [restartedMain] .s.c.n.e.s.EurekaAutoServiceRegistration : Updating port to 8070
2022-10-10 12:54:25.843  INFO 16652 --- [DiscoveryClient-InstanceInfoReplicator-0] com.netflix.discovery.DiscoveryClient    : DiscoveryClient_USER-MANAGEMENT-SERVICE/DESKTOP-4DGDQVK:User-management-service:8070 - registration status: 204
2022-10-10 12:54:26.102  INFO 16652 --- [restartedMain] d.s.w.p.DocumentationPluginsBootstrapper : Context refreshed
2022-10-10 12:54:26.148  INFO 16652 --- [restartedMain] d.s.w.p.DocumentationPluginsBootstrapper : Found 1 custom documentation plugin(s)
2022-10-10 12:54:26.301  INFO 16652 --- [restartedMain] s.d.s.w.s.ApiListingReferenceScanner     : Scanning for api listing references
2022-10-10 12:54:27.019  INFO 16652 --- [restartedMain] .d.s.w.r.o.CachingOperationNameGenerator : Generating unique operation named: addUsingPOST_1
2022-10-10 12:54:27.200  INFO 16652 --- [restartedMain] c.p.U.UserManagementServiceApplication   : Started UserManagementServiceApplication in 20.479 seconds (JVM running for 23.818)
2022-10-10 12:59:24.666  INFO 16652 --- [AsyncResolver-bootstrap-executor-0] c.n.d.s.r.aws.ConfigClusterResolver      : Resolving eureka endpoints via configuration
2022-10-10 13:04:24.674  INFO 16652 --- [AsyncResolver-bootstrap-executor-0] c.n.d.s.r.aws.ConfigClusterResolver      : Resolving eureka endpoints via configuration
2022-10-10 13:09:24.681  INFO 16652 --- [AsyncResolver-bootstrap-executor-0] c.n.d.s.r.aws.ConfigClusterResolver      : Resolving eureka endpoints via configuration
2022-10-10 13:14:24.689  INFO 16652 --- [AsyncResolver-bootstrap-executor-0] c.n.d.s.r.aws.ConfigClusterResolver      : Resolving eureka endpoints via configuration
2022-10-10 13:19:24.692  INFO 16652 --- [AsyncResolver-bootstrap-executor-0] c.n.d.s.r.aws.ConfigClusterResolver      : Resolving eureka endpoints via configuration
2022-10-10 13:24:24.705  INFO 16652 --- [AsyncResolver-bootstrap-executor-0] c.n.d.s.r.aws.ConfigClusterResolver      : Resolving eureka endpoints via configuration
2022-10-10 13:29:24.722  INFO 16652 --- [AsyncResolver-bootstrap-executor-0] c.n.d.s.r.aws.ConfigClusterResolver      : Resolving eureka endpoints via configuration
2022-10-10 13:34:24.727  INFO 16652 --- [AsyncResolver-bootstrap-executor-0] c.n.d.s.r.aws.ConfigClusterResolver      : Resolving eureka endpoints via configuration
2022-10-10 13:39:24.729  INFO 16652 --- [AsyncResolver-bootstrap-executor-0] c.n.d.s.r.aws.ConfigClusterResolver      : Resolving eureka endpoints via configuration
2022-10-10 13:44:24.742  INFO 16652 --- [AsyncResolver-bootstrap-executor-0] c.n.d.s.r.aws.ConfigClusterResolver      : Resolving eureka endpoints via configuration
2022-10-10 13:45:57.439  INFO 16652 --- [http-nio-8070-exec-3] o.a.c.c.C.[Tomcat].[localhost].[/]       : Initializing Spring DispatcherServlet 'dispatcherServlet'
2022-10-10 13:45:57.439  INFO 16652 --- [http-nio-8070-exec-3] o.s.web.servlet.DispatcherServlet        : Initializing Servlet 'dispatcherServlet'
2022-10-10 13:45:57.444  INFO 16652 --- [http-nio-8070-exec-3] o.s.web.servlet.DispatcherServlet        : Completed initialization in 4 ms
2022-10-10 13:45:57.875  INFO 16652 --- [http-nio-8070-exec-3] org.mongodb.driver.connection            : Opened connection [connectionId{localValue:7, serverValue:169311}] to ac-g1o6n6r-shard-00-01.aloxi4w.mongodb.net:27017
2022-10-10 13:49:24.755  INFO 16652 --- [AsyncResolver-bootstrap-executor-0] c.n.d.s.r.aws.ConfigClusterResolver      : Resolving eureka endpoints via configuration
2022-10-10 13:54:24.758  INFO 16652 --- [AsyncResolver-bootstrap-executor-0] c.n.d.s.r.aws.ConfigClusterResolver      : Resolving eureka endpoints via configuration
2022-10-10 13:59:24.766  INFO 16652 --- [AsyncResolver-bootstrap-executor-0] c.n.d.s.r.aws.ConfigClusterResolver      : Resolving eureka endpoints via configuration
2022-10-10 14:04:24.782  INFO 16652 --- [AsyncResolver-bootstrap-executor-0] c.n.d.s.r.aws.ConfigClusterResolver      : Resolving eureka endpoints via configuration
2022-10-10 14:09:24.785  INFO 16652 --- [AsyncResolver-bootstrap-executor-0] c.n.d.s.r.aws.ConfigClusterResolver      : Resolving eureka endpoints via configuration
2022-10-10 14:14:24.796  INFO 16652 --- [AsyncResolver-bootstrap-executor-0] c.n.d.s.r.aws.ConfigClusterResolver      : Resolving eureka endpoints via configuration
2022-10-10 14:19:24.798  INFO 16652 --- [AsyncResolver-bootstrap-executor-0] c.n.d.s.r.aws.ConfigClusterResolver      : Resolving eureka endpoints via configuration
2022-10-10 14:24:24.805  INFO 16652 --- [AsyncResolver-bootstrap-executor-0] c.n.d.s.r.aws.ConfigClusterResolver      : Resolving eureka endpoints via configuration
2022-10-10 14:29:24.813  INFO 16652 --- [AsyncResolver-bootstrap-executor-0] c.n.d.s.r.aws.ConfigClusterResolver      : Resolving eureka endpoints via configuration
2022-10-10 14:34:24.823  INFO 16652 --- [AsyncResolver-bootstrap-executor-0] c.n.d.s.r.aws.ConfigClusterResolver      : Resolving eureka endpoints via configuration
2022-10-10 14:39:24.833  INFO 16652 --- [AsyncResolver-bootstrap-executor-0] c.n.d.s.r.aws.ConfigClusterResolver      : Resolving eureka endpoints via configuration
2022-10-10 14:44:24.849  INFO 16652 --- [AsyncResolver-bootstrap-executor-0] c.n.d.s.r.aws.ConfigClusterResolver      : Resolving eureka endpoints via configuration
2022-10-10 14:49:24.859  INFO 16652 --- [AsyncResolver-bootstrap-executor-0] c.n.d.s.r.aws.ConfigClusterResolver      : Resolving eureka endpoints via configuration
2022-10-10 14:54:24.864  INFO 16652 --- [AsyncResolver-bootstrap-executor-0] c.n.d.s.r.aws.ConfigClusterResolver      : Resolving eureka endpoints via configuration
2022-10-10 14:59:24.879  INFO 16652 --- [AsyncResolver-bootstrap-executor-0] c.n.d.s.r.aws.ConfigClusterResolver      : Resolving eureka endpoints via configuration
2022-10-10 15:04:24.886  INFO 16652 --- [AsyncResolver-bootstrap-executor-0] c.n.d.s.r.aws.ConfigClusterResolver      : Resolving eureka endpoints via configuration
2022-10-10 15:09:24.887  INFO 16652 --- [AsyncResolver-bootstrap-executor-0] c.n.d.s.r.aws.ConfigClusterResolver      : Resolving eureka endpoints via configuration
2022-10-10 15:14:24.900  INFO 16652 --- [AsyncResolver-bootstrap-executor-0] c.n.d.s.r.aws.ConfigClusterResolver      : Resolving eureka endpoints via configuration
2022-10-10 15:35:15.214  INFO 16652 --- [cluster-ClusterId{value='6343c8a072ce4e687142105f', description='null'}-ac-g1o6n6r-shard-00-02.aloxi4w.mongodb.net:27017] org.mongodb.driver.cluster               : Exception in monitor thread while connecting to server ac-g1o6n6r-shard-00-02.aloxi4w.mongodb.net:27017

com.mongodb.MongoSocketReadTimeoutException: Timeout while receiving message
	at com.mongodb.internal.connection.InternalStreamConnection.translateReadException(InternalStreamConnection.java:696) ~[mongodb-driver-core-4.6.1.jar:na]
	at com.mongodb.internal.connection.InternalStreamConnection.receiveMessageWithAdditionalTimeout(InternalStreamConnection.java:574) ~[mongodb-driver-core-4.6.1.jar:na]
	at com.mongodb.internal.connection.InternalStreamConnection.receiveCommandMessageResponse(InternalStreamConnection.java:410) ~[mongodb-driver-core-4.6.1.jar:na]
	at com.mongodb.internal.connection.InternalStreamConnection.receive(InternalStreamConnection.java:369) ~[mongodb-driver-core-4.6.1.jar:na]
	at com.mongodb.internal.connection.DefaultServerMonitor$ServerMonitorRunnable.lookupServerDescription(DefaultServerMonitor.java:221) ~[mongodb-driver-core-4.6.1.jar:na]
	at com.mongodb.internal.connection.DefaultServerMonitor$ServerMonitorRunnable.run(DefaultServerMonitor.java:157) ~[mongodb-driver-core-4.6.1.jar:na]
	at java.base/java.lang.Thread.run(Thread.java:832) ~[na:na]
Caused by: java.net.SocketTimeoutException: Read timed out
	at java.base/sun.nio.ch.NioSocketImpl.timedRead(NioSocketImpl.java:283) ~[na:na]
	at java.base/sun.nio.ch.NioSocketImpl.implRead(NioSocketImpl.java:309) ~[na:na]
	at java.base/sun.nio.ch.NioSocketImpl.read(NioSocketImpl.java:350) ~[na:na]
	at java.base/sun.nio.ch.NioSocketImpl$1.read(NioSocketImpl.java:803) ~[na:na]
	at java.base/java.net.Socket$SocketInputStream.read(Socket.java:981) ~[na:na]
	at java.base/sun.security.ssl.SSLSocketInputRecord.read(SSLSocketInputRecord.java:478) ~[na:na]
	at java.base/sun.security.ssl.SSLSocketInputRecord.readHeader(SSLSocketInputRecord.java:472) ~[na:na]
	at java.base/sun.security.ssl.SSLSocketInputRecord.bytesInCompletePacket(SSLSocketInputRecord.java:70) ~[na:na]
	at java.base/sun.security.ssl.SSLSocketImpl.readApplicationRecord(SSLSocketImpl.java:1434) ~[na:na]
	at java.base/sun.security.ssl.SSLSocketImpl$AppInputStream.read(SSLSocketImpl.java:1038) ~[na:na]
	at com.mongodb.internal.connection.SocketStream.read(SocketStream.java:110) ~[mongodb-driver-core-4.6.1.jar:na]
	at com.mongodb.internal.connection.SocketStream.read(SocketStream.java:135) ~[mongodb-driver-core-4.6.1.jar:na]
	at com.mongodb.internal.connection.InternalStreamConnection.receiveResponseBuffers(InternalStreamConnection.java:713) ~[mongodb-driver-core-4.6.1.jar:na]
	at com.mongodb.internal.connection.InternalStreamConnection.receiveMessageWithAdditionalTimeout(InternalStreamConnection.java:571) ~[mongodb-driver-core-4.6.1.jar:na]
	... 5 common frames omitted

2022-10-10 15:35:15.214  INFO 16652 --- [cluster-ClusterId{value='6343c8a072ce4e687142105f', description='null'}-ac-g1o6n6r-shard-00-00.aloxi4w.mongodb.net:27017] org.mongodb.driver.cluster               : Exception in monitor thread while connecting to server ac-g1o6n6r-shard-00-00.aloxi4w.mongodb.net:27017

com.mongodb.MongoSocketReadTimeoutException: Timeout while receiving message
	at com.mongodb.internal.connection.InternalStreamConnection.translateReadException(InternalStreamConnection.java:696) ~[mongodb-driver-core-4.6.1.jar:na]
	at com.mongodb.internal.connection.InternalStreamConnection.receiveMessageWithAdditionalTimeout(InternalStreamConnection.java:574) ~[mongodb-driver-core-4.6.1.jar:na]
	at com.mongodb.internal.connection.InternalStreamConnection.receiveCommandMessageResponse(InternalStreamConnection.java:410) ~[mongodb-driver-core-4.6.1.jar:na]
	at com.mongodb.internal.connection.InternalStreamConnection.receive(InternalStreamConnection.java:369) ~[mongodb-driver-core-4.6.1.jar:na]
	at com.mongodb.internal.connection.DefaultServerMonitor$ServerMonitorRunnable.lookupServerDescription(DefaultServerMonitor.java:221) ~[mongodb-driver-core-4.6.1.jar:na]
	at com.mongodb.internal.connection.DefaultServerMonitor$ServerMonitorRunnable.run(DefaultServerMonitor.java:157) ~[mongodb-driver-core-4.6.1.jar:na]
	at java.base/java.lang.Thread.run(Thread.java:832) ~[na:na]
Caused by: java.net.SocketTimeoutException: Read timed out
	at java.base/sun.nio.ch.NioSocketImpl.timedRead(NioSocketImpl.java:283) ~[na:na]
	at java.base/sun.nio.ch.NioSocketImpl.implRead(NioSocketImpl.java:309) ~[na:na]
	at java.base/sun.nio.ch.NioSocketImpl.read(NioSocketImpl.java:350) ~[na:na]
	at java.base/sun.nio.ch.NioSocketImpl$1.read(NioSocketImpl.java:803) ~[na:na]
	at java.base/java.net.Socket$SocketInputStream.read(Socket.java:981) ~[na:na]
	at java.base/sun.security.ssl.SSLSocketInputRecord.read(SSLSocketInputRecord.java:478) ~[na:na]
	at java.base/sun.security.ssl.SSLSocketInputRecord.readHeader(SSLSocketInputRecord.java:472) ~[na:na]
	at java.base/sun.security.ssl.SSLSocketInputRecord.bytesInCompletePacket(SSLSocketInputRecord.java:70) ~[na:na]
	at java.base/sun.security.ssl.SSLSocketImpl.readApplicationRecord(SSLSocketImpl.java:1434) ~[na:na]
	at java.base/sun.security.ssl.SSLSocketImpl$AppInputStream.read(SSLSocketImpl.java:1038) ~[na:na]
	at com.mongodb.internal.connection.SocketStream.read(SocketStream.java:110) ~[mongodb-driver-core-4.6.1.jar:na]
	at com.mongodb.internal.connection.SocketStream.read(SocketStream.java:135) ~[mongodb-driver-core-4.6.1.jar:na]
	at com.mongodb.internal.connection.InternalStreamConnection.receiveResponseBuffers(InternalStreamConnection.java:713) ~[mongodb-driver-core-4.6.1.jar:na]
	at com.mongodb.internal.connection.InternalStreamConnection.receiveMessageWithAdditionalTimeout(InternalStreamConnection.java:571) ~[mongodb-driver-core-4.6.1.jar:na]
	... 5 common frames omitted

2022-10-10 15:35:15.214  INFO 16652 --- [cluster-ClusterId{value='6343c8a072ce4e687142105f', description='null'}-ac-g1o6n6r-shard-00-01.aloxi4w.mongodb.net:27017] org.mongodb.driver.cluster               : Exception in monitor thread while connecting to server ac-g1o6n6r-shard-00-01.aloxi4w.mongodb.net:27017

com.mongodb.MongoSocketReadTimeoutException: Timeout while receiving message
	at com.mongodb.internal.connection.InternalStreamConnection.translateReadException(InternalStreamConnection.java:696) ~[mongodb-driver-core-4.6.1.jar:na]
	at com.mongodb.internal.connection.InternalStreamConnection.receiveMessageWithAdditionalTimeout(InternalStreamConnection.java:574) ~[mongodb-driver-core-4.6.1.jar:na]
	at com.mongodb.internal.connection.InternalStreamConnection.receiveCommandMessageResponse(InternalStreamConnection.java:410) ~[mongodb-driver-core-4.6.1.jar:na]
	at com.mongodb.internal.connection.InternalStreamConnection.receive(InternalStreamConnection.java:369) ~[mongodb-driver-core-4.6.1.jar:na]
	at com.mongodb.internal.connection.DefaultServerMonitor$ServerMonitorRunnable.lookupServerDescription(DefaultServerMonitor.java:221) ~[mongodb-driver-core-4.6.1.jar:na]
	at com.mongodb.internal.connection.DefaultServerMonitor$ServerMonitorRunnable.run(DefaultServerMonitor.java:157) ~[mongodb-driver-core-4.6.1.jar:na]
	at java.base/java.lang.Thread.run(Thread.java:832) ~[na:na]
Caused by: java.net.SocketTimeoutException: Read timed out
	at java.base/sun.nio.ch.NioSocketImpl.timedRead(NioSocketImpl.java:283) ~[na:na]
	at java.base/sun.nio.ch.NioSocketImpl.implRead(NioSocketImpl.java:309) ~[na:na]
	at java.base/sun.nio.ch.NioSocketImpl.read(NioSocketImpl.java:350) ~[na:na]
	at java.base/sun.nio.ch.NioSocketImpl$1.read(NioSocketImpl.java:803) ~[na:na]
	at java.base/java.net.Socket$SocketInputStream.read(Socket.java:981) ~[na:na]
	at java.base/sun.security.ssl.SSLSocketInputRecord.read(SSLSocketInputRecord.java:478) ~[na:na]
	at java.base/sun.security.ssl.SSLSocketInputRecord.readHeader(SSLSocketInputRecord.java:472) ~[na:na]
	at java.base/sun.security.ssl.SSLSocketInputRecord.bytesInCompletePacket(SSLSocketInputRecord.java:70) ~[na:na]
	at java.base/sun.security.ssl.SSLSocketImpl.readApplicationRecord(SSLSocketImpl.java:1434) ~[na:na]
	at java.base/sun.security.ssl.SSLSocketImpl$AppInputStream.read(SSLSocketImpl.java:1038) ~[na:na]
	at com.mongodb.internal.connection.SocketStream.read(SocketStream.java:110) ~[mongodb-driver-core-4.6.1.jar:na]
	at com.mongodb.internal.connection.SocketStream.read(SocketStream.java:135) ~[mongodb-driver-core-4.6.1.jar:na]
	at com.mongodb.internal.connection.InternalStreamConnection.receiveResponseBuffers(InternalStreamConnection.java:713) ~[mongodb-driver-core-4.6.1.jar:na]
	at com.mongodb.internal.connection.InternalStreamConnection.receiveMessageWithAdditionalTimeout(InternalStreamConnection.java:571) ~[mongodb-driver-core-4.6.1.jar:na]
	... 5 common frames omitted

2022-10-10 15:35:15.615  INFO 16652 --- [cluster-ClusterId{value='6343c8a072ce4e687142105f', description='null'}-ac-g1o6n6r-shard-00-00.aloxi4w.mongodb.net:27017] org.mongodb.driver.connection            : Opened connection [connectionId{localValue:10, serverValue:162768}] to ac-g1o6n6r-shard-00-00.aloxi4w.mongodb.net:27017
2022-10-10 15:35:15.616  INFO 16652 --- [cluster-ClusterId{value='6343c8a072ce4e687142105f', description='null'}-ac-g1o6n6r-shard-00-02.aloxi4w.mongodb.net:27017] org.mongodb.driver.connection            : Opened connection [connectionId{localValue:8, serverValue:102742}] to ac-g1o6n6r-shard-00-02.aloxi4w.mongodb.net:27017
2022-10-10 15:35:15.616  INFO 16652 --- [cluster-ClusterId{value='6343c8a072ce4e687142105f', description='null'}-ac-g1o6n6r-shard-00-01.aloxi4w.mongodb.net:27017] org.mongodb.driver.connection            : Opened connection [connectionId{localValue:9, serverValue:172026}] to ac-g1o6n6r-shard-00-01.aloxi4w.mongodb.net:27017
2022-10-10 15:35:15.631  INFO 16652 --- [cluster-ClusterId{value='6343c8a072ce4e687142105f', description='null'}-ac-g1o6n6r-shard-00-01.aloxi4w.mongodb.net:27017] org.mongodb.driver.cluster               : Monitor thread successfully connected to server with description ServerDescription{address=ac-g1o6n6r-shard-00-01.aloxi4w.mongodb.net:27017, type=REPLICA_SET_PRIMARY, state=CONNECTED, ok=true, minWireVersion=0, maxWireVersion=13, maxDocumentSize=16777216, logicalSessionTimeoutMinutes=30, roundTripTimeNanos=280002900, setName='atlas-qmiuy4-shard-0', canonicalAddress=ac-g1o6n6r-shard-00-01.aloxi4w.mongodb.net:27017, hosts=[ac-g1o6n6r-shard-00-01.aloxi4w.mongodb.net:27017, ac-g1o6n6r-shard-00-02.aloxi4w.mongodb.net:27017, ac-g1o6n6r-shard-00-00.aloxi4w.mongodb.net:27017], passives=[], arbiters=[], primary='ac-g1o6n6r-shard-00-01.aloxi4w.mongodb.net:27017', tagSet=TagSet{[Tag{name='nodeType', value='ELECTABLE'}, Tag{name='provider', value='AWS'}, Tag{name='region', value='AP_SOUTH_1'}, Tag{name='workloadType', value='OPERATIONAL'}]}, electionId=7fffffff0000000000000073, setVersion=3, topologyVersion=TopologyVersion{processId=633c5a50f3238b6a011b7400, counter=6}, lastWriteDate=Mon Oct 10 15:35:15 IST 2022, lastUpdateTimeNanos=835863319609000}
2022-10-10 15:35:15.631  INFO 16652 --- [cluster-ClusterId{value='6343c8a072ce4e687142105f', description='null'}-ac-g1o6n6r-shard-00-02.aloxi4w.mongodb.net:27017] org.mongodb.driver.cluster               : Monitor thread successfully connected to server with description ServerDescription{address=ac-g1o6n6r-shard-00-02.aloxi4w.mongodb.net:27017, type=REPLICA_SET_SECONDARY, state=CONNECTED, ok=true, minWireVersion=0, maxWireVersion=13, maxDocumentSize=16777216, logicalSessionTimeoutMinutes=30, roundTripTimeNanos=280238800, setName='atlas-qmiuy4-shard-0', canonicalAddress=ac-g1o6n6r-shard-00-02.aloxi4w.mongodb.net:27017, hosts=[ac-g1o6n6r-shard-00-01.aloxi4w.mongodb.net:27017, ac-g1o6n6r-shard-00-02.aloxi4w.mongodb.net:27017, ac-g1o6n6r-shard-00-00.aloxi4w.mongodb.net:27017], passives=[], arbiters=[], primary='ac-g1o6n6r-shard-00-01.aloxi4w.mongodb.net:27017', tagSet=TagSet{[Tag{name='nodeType', value='ELECTABLE'}, Tag{name='provider', value='AWS'}, Tag{name='region', value='AP_SOUTH_1'}, Tag{name='workloadType', value='OPERATIONAL'}]}, electionId=null, setVersion=3, topologyVersion=TopologyVersion{processId=633f0382b0e4ba27171b3844, counter=3}, lastWriteDate=Mon Oct 10 15:35:15 IST 2022, lastUpdateTimeNanos=835863317587500}
2022-10-10 15:35:15.632  INFO 16652 --- [cluster-ClusterId{value='6343c8a072ce4e687142105f', description='null'}-ac-g1o6n6r-shard-00-00.aloxi4w.mongodb.net:27017] org.mongodb.driver.cluster               : Monitor thread successfully connected to server with description ServerDescription{address=ac-g1o6n6r-shard-00-00.aloxi4w.mongodb.net:27017, type=REPLICA_SET_SECONDARY, state=CONNECTED, ok=true, minWireVersion=0, maxWireVersion=13, maxDocumentSize=16777216, logicalSessionTimeoutMinutes=30, roundTripTimeNanos=280367800, setName='atlas-qmiuy4-shard-0', canonicalAddress=ac-g1o6n6r-shard-00-00.aloxi4w.mongodb.net:27017, hosts=[ac-g1o6n6r-shard-00-01.aloxi4w.mongodb.net:27017, ac-g1o6n6r-shard-00-02.aloxi4w.mongodb.net:27017, ac-g1o6n6r-shard-00-00.aloxi4w.mongodb.net:27017], passives=[], arbiters=[], primary='ac-g1o6n6r-shard-00-01.aloxi4w.mongodb.net:27017', tagSet=TagSet{[Tag{name='nodeType', value='ELECTABLE'}, Tag{name='provider', value='AWS'}, Tag{name='region', value='AP_SOUTH_1'}, Tag{name='workloadType', value='OPERATIONAL'}]}, electionId=null, setVersion=3, topologyVersion=TopologyVersion{processId=633c59fcdc4191eb6c6131c8, counter=4}, lastWriteDate=Mon Oct 10 15:35:15 IST 2022, lastUpdateTimeNanos=835863317713700}
2022-10-10 15:35:15.634  INFO 16652 --- [cluster-ClusterId{value='6343c8a072ce4e687142105f', description='null'}-ac-g1o6n6r-shard-00-01.aloxi4w.mongodb.net:27017] org.mongodb.driver.cluster               : Discovered replica set primary ac-g1o6n6r-shard-00-01.aloxi4w.mongodb.net:27017
2022-10-10 15:35:17.437  INFO 16652 --- [cluster-rtt-ClusterId{value='6343c8a072ce4e687142105f', description='null'}-ac-g1o6n6r-shard-00-01.aloxi4w.mongodb.net:27017] org.mongodb.driver.connection            : Opened connection [connectionId{localValue:11, serverValue:171764}] to ac-g1o6n6r-shard-00-01.aloxi4w.mongodb.net:27017
2022-10-10 15:35:17.440  INFO 16652 --- [cluster-rtt-ClusterId{value='6343c8a072ce4e687142105f', description='null'}-ac-g1o6n6r-shard-00-00.aloxi4w.mongodb.net:27017] org.mongodb.driver.connection            : Opened connection [connectionId{localValue:12, serverValue:162665}] to ac-g1o6n6r-shard-00-00.aloxi4w.mongodb.net:27017
2022-10-10 15:35:17.776  INFO 16652 --- [cluster-rtt-ClusterId{value='6343c8a072ce4e687142105f', description='null'}-ac-g1o6n6r-shard-00-02.aloxi4w.mongodb.net:27017] org.mongodb.driver.connection            : Opened connection [connectionId{localValue:13, serverValue:102727}] to ac-g1o6n6r-shard-00-02.aloxi4w.mongodb.net:27017
2022-10-10 16:54:02.005  INFO 16652 --- [cluster-ClusterId{value='6343c8a072ce4e687142105f', description='null'}-ac-g1o6n6r-shard-00-02.aloxi4w.mongodb.net:27017] org.mongodb.driver.cluster               : Exception in monitor thread while connecting to server ac-g1o6n6r-shard-00-02.aloxi4w.mongodb.net:27017

com.mongodb.MongoSocketReadTimeoutException: Timeout while receiving message
	at com.mongodb.internal.connection.InternalStreamConnection.translateReadException(InternalStreamConnection.java:696) ~[mongodb-driver-core-4.6.1.jar:na]
	at com.mongodb.internal.connection.InternalStreamConnection.receiveMessageWithAdditionalTimeout(InternalStreamConnection.java:574) ~[mongodb-driver-core-4.6.1.jar:na]
	at com.mongodb.internal.connection.InternalStreamConnection.receiveCommandMessageResponse(InternalStreamConnection.java:410) ~[mongodb-driver-core-4.6.1.jar:na]
	at com.mongodb.internal.connection.InternalStreamConnection.receive(InternalStreamConnection.java:369) ~[mongodb-driver-core-4.6.1.jar:na]
	at com.mongodb.internal.connection.DefaultServerMonitor$ServerMonitorRunnable.lookupServerDescription(DefaultServerMonitor.java:221) ~[mongodb-driver-core-4.6.1.jar:na]
	at com.mongodb.internal.connection.DefaultServerMonitor$ServerMonitorRunnable.run(DefaultServerMonitor.java:157) ~[mongodb-driver-core-4.6.1.jar:na]
	at java.base/java.lang.Thread.run(Thread.java:832) ~[na:na]
Caused by: java.net.SocketTimeoutException: Read timed out
	at java.base/sun.nio.ch.NioSocketImpl.timedRead(NioSocketImpl.java:283) ~[na:na]
	at java.base/sun.nio.ch.NioSocketImpl.implRead(NioSocketImpl.java:309) ~[na:na]
	at java.base/sun.nio.ch.NioSocketImpl.read(NioSocketImpl.java:350) ~[na:na]
	at java.base/sun.nio.ch.NioSocketImpl$1.read(NioSocketImpl.java:803) ~[na:na]
	at java.base/java.net.Socket$SocketInputStream.read(Socket.java:981) ~[na:na]
	at java.base/sun.security.ssl.SSLSocketInputRecord.read(SSLSocketInputRecord.java:478) ~[na:na]
	at java.base/sun.security.ssl.SSLSocketInputRecord.readHeader(SSLSocketInputRecord.java:472) ~[na:na]
	at java.base/sun.security.ssl.SSLSocketInputRecord.bytesInCompletePacket(SSLSocketInputRecord.java:70) ~[na:na]
	at java.base/sun.security.ssl.SSLSocketImpl.readApplicationRecord(SSLSocketImpl.java:1434) ~[na:na]
	at java.base/sun.security.ssl.SSLSocketImpl$AppInputStream.read(SSLSocketImpl.java:1038) ~[na:na]
	at com.mongodb.internal.connection.SocketStream.read(SocketStream.java:110) ~[mongodb-driver-core-4.6.1.jar:na]
	at com.mongodb.internal.connection.SocketStream.read(SocketStream.java:135) ~[mongodb-driver-core-4.6.1.jar:na]
	at com.mongodb.internal.connection.InternalStreamConnection.receiveResponseBuffers(InternalStreamConnection.java:713) ~[mongodb-driver-core-4.6.1.jar:na]
	at com.mongodb.internal.connection.InternalStreamConnection.receiveMessageWithAdditionalTimeout(InternalStreamConnection.java:571) ~[mongodb-driver-core-4.6.1.jar:na]
	... 5 common frames omitted

2022-10-10 16:54:02.006  INFO 16652 --- [cluster-ClusterId{value='6343c8a072ce4e687142105f', description='null'}-ac-g1o6n6r-shard-00-01.aloxi4w.mongodb.net:27017] org.mongodb.driver.cluster               : Exception in monitor thread while connecting to server ac-g1o6n6r-shard-00-01.aloxi4w.mongodb.net:27017

com.mongodb.MongoSocketReadTimeoutException: Timeout while receiving message
	at com.mongodb.internal.connection.InternalStreamConnection.translateReadException(InternalStreamConnection.java:696) ~[mongodb-driver-core-4.6.1.jar:na]
	at com.mongodb.internal.connection.InternalStreamConnection.receiveMessageWithAdditionalTimeout(InternalStreamConnection.java:574) ~[mongodb-driver-core-4.6.1.jar:na]
	at com.mongodb.internal.connection.InternalStreamConnection.receiveCommandMessageResponse(InternalStreamConnection.java:410) ~[mongodb-driver-core-4.6.1.jar:na]
	at com.mongodb.internal.connection.InternalStreamConnection.receive(InternalStreamConnection.java:369) ~[mongodb-driver-core-4.6.1.jar:na]
	at com.mongodb.internal.connection.DefaultServerMonitor$ServerMonitorRunnable.lookupServerDescription(DefaultServerMonitor.java:221) ~[mongodb-driver-core-4.6.1.jar:na]
	at com.mongodb.internal.connection.DefaultServerMonitor$ServerMonitorRunnable.run(DefaultServerMonitor.java:157) ~[mongodb-driver-core-4.6.1.jar:na]
	at java.base/java.lang.Thread.run(Thread.java:832) ~[na:na]
Caused by: java.net.SocketTimeoutException: Read timed out
	at java.base/sun.nio.ch.NioSocketImpl.timedRead(NioSocketImpl.java:283) ~[na:na]
	at java.base/sun.nio.ch.NioSocketImpl.implRead(NioSocketImpl.java:309) ~[na:na]
	at java.base/sun.nio.ch.NioSocketImpl.read(NioSocketImpl.java:350) ~[na:na]
	at java.base/sun.nio.ch.NioSocketImpl$1.read(NioSocketImpl.java:803) ~[na:na]
	at java.base/java.net.Socket$SocketInputStream.read(Socket.java:981) ~[na:na]
	at java.base/sun.security.ssl.SSLSocketInputRecord.read(SSLSocketInputRecord.java:478) ~[na:na]
	at java.base/sun.security.ssl.SSLSocketInputRecord.readHeader(SSLSocketInputRecord.java:472) ~[na:na]
	at java.base/sun.security.ssl.SSLSocketInputRecord.bytesInCompletePacket(SSLSocketInputRecord.java:70) ~[na:na]
	at java.base/sun.security.ssl.SSLSocketImpl.readApplicationRecord(SSLSocketImpl.java:1434) ~[na:na]
	at java.base/sun.security.ssl.SSLSocketImpl$AppInputStream.read(SSLSocketImpl.java:1038) ~[na:na]
	at com.mongodb.internal.connection.SocketStream.read(SocketStream.java:110) ~[mongodb-driver-core-4.6.1.jar:na]
	at com.mongodb.internal.connection.SocketStream.read(SocketStream.java:135) ~[mongodb-driver-core-4.6.1.jar:na]
	at com.mongodb.internal.connection.InternalStreamConnection.receiveResponseBuffers(InternalStreamConnection.java:713) ~[mongodb-driver-core-4.6.1.jar:na]
	at com.mongodb.internal.connection.InternalStreamConnection.receiveMessageWithAdditionalTimeout(InternalStreamConnection.java:571) ~[mongodb-driver-core-4.6.1.jar:na]
	... 5 common frames omitted

2022-10-10 16:54:02.009  INFO 16652 --- [cluster-ClusterId{value='6343c8a072ce4e687142105f', description='null'}-ac-g1o6n6r-shard-00-00.aloxi4w.mongodb.net:27017] org.mongodb.driver.cluster               : Exception in monitor thread while connecting to server ac-g1o6n6r-shard-00-00.aloxi4w.mongodb.net:27017

com.mongodb.MongoSocketReadTimeoutException: Timeout while receiving message
	at com.mongodb.internal.connection.InternalStreamConnection.translateReadException(InternalStreamConnection.java:696) ~[mongodb-driver-core-4.6.1.jar:na]
	at com.mongodb.internal.connection.InternalStreamConnection.receiveMessageWithAdditionalTimeout(InternalStreamConnection.java:574) ~[mongodb-driver-core-4.6.1.jar:na]
	at com.mongodb.internal.connection.InternalStreamConnection.receiveCommandMessageResponse(InternalStreamConnection.java:410) ~[mongodb-driver-core-4.6.1.jar:na]
	at com.mongodb.internal.connection.InternalStreamConnection.receive(InternalStreamConnection.java:369) ~[mongodb-driver-core-4.6.1.jar:na]
	at com.mongodb.internal.connection.DefaultServerMonitor$ServerMonitorRunnable.lookupServerDescription(DefaultServerMonitor.java:221) ~[mongodb-driver-core-4.6.1.jar:na]
	at com.mongodb.internal.connection.DefaultServerMonitor$ServerMonitorRunnable.run(DefaultServerMonitor.java:157) ~[mongodb-driver-core-4.6.1.jar:na]
	at java.base/java.lang.Thread.run(Thread.java:832) ~[na:na]
Caused by: java.net.SocketTimeoutException: Read timed out
	at java.base/sun.nio.ch.NioSocketImpl.timedRead(NioSocketImpl.java:283) ~[na:na]
	at java.base/sun.nio.ch.NioSocketImpl.implRead(NioSocketImpl.java:309) ~[na:na]
	at java.base/sun.nio.ch.NioSocketImpl.read(NioSocketImpl.java:350) ~[na:na]
	at java.base/sun.nio.ch.NioSocketImpl$1.read(NioSocketImpl.java:803) ~[na:na]
	at java.base/java.net.Socket$SocketInputStream.read(Socket.java:981) ~[na:na]
	at java.base/sun.security.ssl.SSLSocketInputRecord.read(SSLSocketInputRecord.java:478) ~[na:na]
	at java.base/sun.security.ssl.SSLSocketInputRecord.readHeader(SSLSocketInputRecord.java:472) ~[na:na]
	at java.base/sun.security.ssl.SSLSocketInputRecord.bytesInCompletePacket(SSLSocketInputRecord.java:70) ~[na:na]
	at java.base/sun.security.ssl.SSLSocketImpl.readApplicationRecord(SSLSocketImpl.java:1434) ~[na:na]
	at java.base/sun.security.ssl.SSLSocketImpl$AppInputStream.read(SSLSocketImpl.java:1038) ~[na:na]
	at com.mongodb.internal.connection.SocketStream.read(SocketStream.java:110) ~[mongodb-driver-core-4.6.1.jar:na]
	at com.mongodb.internal.connection.SocketStream.read(SocketStream.java:135) ~[mongodb-driver-core-4.6.1.jar:na]
	at com.mongodb.internal.connection.InternalStreamConnection.receiveResponseBuffers(InternalStreamConnection.java:713) ~[mongodb-driver-core-4.6.1.jar:na]
	at com.mongodb.internal.connection.InternalStreamConnection.receiveMessageWithAdditionalTimeout(InternalStreamConnection.java:571) ~[mongodb-driver-core-4.6.1.jar:na]
	... 5 common frames omitted

2022-10-10 16:54:03.061  INFO 16652 --- [cluster-ClusterId{value='6343c8a072ce4e687142105f', description='null'}-ac-g1o6n6r-shard-00-00.aloxi4w.mongodb.net:27017] org.mongodb.driver.connection            : Opened connection [connectionId{localValue:16, serverValue:165163}] to ac-g1o6n6r-shard-00-00.aloxi4w.mongodb.net:27017
2022-10-10 16:54:03.061  INFO 16652 --- [cluster-ClusterId{value='6343c8a072ce4e687142105f', description='null'}-ac-g1o6n6r-shard-00-02.aloxi4w.mongodb.net:27017] org.mongodb.driver.connection            : Opened connection [connectionId{localValue:14, serverValue:105114}] to ac-g1o6n6r-shard-00-02.aloxi4w.mongodb.net:27017
2022-10-10 16:54:03.062  INFO 16652 --- [cluster-ClusterId{value='6343c8a072ce4e687142105f', description='null'}-ac-g1o6n6r-shard-00-02.aloxi4w.mongodb.net:27017] org.mongodb.driver.cluster               : Monitor thread successfully connected to server with description ServerDescription{address=ac-g1o6n6r-shard-00-02.aloxi4w.mongodb.net:27017, type=REPLICA_SET_SECONDARY, state=CONNECTED, ok=true, minWireVersion=0, maxWireVersion=13, maxDocumentSize=16777216, logicalSessionTimeoutMinutes=30, roundTripTimeNanos=892851900, setName='atlas-qmiuy4-shard-0', canonicalAddress=ac-g1o6n6r-shard-00-02.aloxi4w.mongodb.net:27017, hosts=[ac-g1o6n6r-shard-00-01.aloxi4w.mongodb.net:27017, ac-g1o6n6r-shard-00-02.aloxi4w.mongodb.net:27017, ac-g1o6n6r-shard-00-00.aloxi4w.mongodb.net:27017], passives=[], arbiters=[], primary='ac-g1o6n6r-shard-00-01.aloxi4w.mongodb.net:27017', tagSet=TagSet{[Tag{name='nodeType', value='ELECTABLE'}, Tag{name='provider', value='AWS'}, Tag{name='region', value='AP_SOUTH_1'}, Tag{name='workloadType', value='OPERATIONAL'}]}, electionId=null, setVersion=3, topologyVersion=TopologyVersion{processId=633f0382b0e4ba27171b3844, counter=3}, lastWriteDate=Mon Oct 10 16:54:02 IST 2022, lastUpdateTimeNanos=840590790340700}
2022-10-10 16:54:03.062  INFO 16652 --- [cluster-ClusterId{value='6343c8a072ce4e687142105f', description='null'}-ac-g1o6n6r-shard-00-00.aloxi4w.mongodb.net:27017] org.mongodb.driver.cluster               : Monitor thread successfully connected to server with description ServerDescription{address=ac-g1o6n6r-shard-00-00.aloxi4w.mongodb.net:27017, type=REPLICA_SET_SECONDARY, state=CONNECTED, ok=true, minWireVersion=0, maxWireVersion=13, maxDocumentSize=16777216, logicalSessionTimeoutMinutes=30, roundTripTimeNanos=748557700, setName='atlas-qmiuy4-shard-0', canonicalAddress=ac-g1o6n6r-shard-00-00.aloxi4w.mongodb.net:27017, hosts=[ac-g1o6n6r-shard-00-01.aloxi4w.mongodb.net:27017, ac-g1o6n6r-shard-00-02.aloxi4w.mongodb.net:27017, ac-g1o6n6r-shard-00-00.aloxi4w.mongodb.net:27017], passives=[], arbiters=[], primary='ac-g1o6n6r-shard-00-01.aloxi4w.mongodb.net:27017', tagSet=TagSet{[Tag{name='nodeType', value='ELECTABLE'}, Tag{name='provider', value='AWS'}, Tag{name='region', value='AP_SOUTH_1'}, Tag{name='workloadType', value='OPERATIONAL'}]}, electionId=null, setVersion=3, topologyVersion=TopologyVersion{processId=633c59fcdc4191eb6c6131c8, counter=4}, lastWriteDate=Mon Oct 10 16:54:02 IST 2022, lastUpdateTimeNanos=840590790022500}
2022-10-10 16:54:03.064  INFO 16652 --- [cluster-ClusterId{value='6343c8a072ce4e687142105f', description='null'}-ac-g1o6n6r-shard-00-01.aloxi4w.mongodb.net:27017] org.mongodb.driver.connection            : Opened connection [connectionId{localValue:15, serverValue:174981}] to ac-g1o6n6r-shard-00-01.aloxi4w.mongodb.net:27017
2022-10-10 16:54:03.065  INFO 16652 --- [cluster-ClusterId{value='6343c8a072ce4e687142105f', description='null'}-ac-g1o6n6r-shard-00-01.aloxi4w.mongodb.net:27017] org.mongodb.driver.cluster               : Monitor thread successfully connected to server with description ServerDescription{address=ac-g1o6n6r-shard-00-01.aloxi4w.mongodb.net:27017, type=REPLICA_SET_PRIMARY, state=CONNECTED, ok=true, minWireVersion=0, maxWireVersion=13, maxDocumentSize=16777216, logicalSessionTimeoutMinutes=30, roundTripTimeNanos=751206400, setName='atlas-qmiuy4-shard-0', canonicalAddress=ac-g1o6n6r-shard-00-01.aloxi4w.mongodb.net:27017, hosts=[ac-g1o6n6r-shard-00-01.aloxi4w.mongodb.net:27017, ac-g1o6n6r-shard-00-02.aloxi4w.mongodb.net:27017, ac-g1o6n6r-shard-00-00.aloxi4w.mongodb.net:27017], passives=[], arbiters=[], primary='ac-g1o6n6r-shard-00-01.aloxi4w.mongodb.net:27017', tagSet=TagSet{[Tag{name='nodeType', value='ELECTABLE'}, Tag{name='provider', value='AWS'}, Tag{name='region', value='AP_SOUTH_1'}, Tag{name='workloadType', value='OPERATIONAL'}]}, electionId=7fffffff0000000000000073, setVersion=3, topologyVersion=TopologyVersion{processId=633c5a50f3238b6a011b7400, counter=6}, lastWriteDate=Mon Oct 10 16:54:02 IST 2022, lastUpdateTimeNanos=840590793271200}
2022-10-10 16:54:03.065  INFO 16652 --- [cluster-ClusterId{value='6343c8a072ce4e687142105f', description='null'}-ac-g1o6n6r-shard-00-01.aloxi4w.mongodb.net:27017] org.mongodb.driver.cluster               : Discovered replica set primary ac-g1o6n6r-shard-00-01.aloxi4w.mongodb.net:27017
2022-10-10 16:54:11.361  INFO 16652 --- [cluster-rtt-ClusterId{value='6343c8a072ce4e687142105f', description='null'}-ac-g1o6n6r-shard-00-02.aloxi4w.mongodb.net:27017] org.mongodb.driver.connection            : Opened connection [connectionId{localValue:17, serverValue:105109}] to ac-g1o6n6r-shard-00-02.aloxi4w.mongodb.net:27017
2022-10-10 16:54:13.929  INFO 16652 --- [cluster-rtt-ClusterId{value='6343c8a072ce4e687142105f', description='null'}-ac-g1o6n6r-shard-00-00.aloxi4w.mongodb.net:27017] org.mongodb.driver.connection            : Opened connection [connectionId{localValue:18, serverValue:165128}] to ac-g1o6n6r-shard-00-00.aloxi4w.mongodb.net:27017
2022-10-10 16:54:13.935  INFO 16652 --- [cluster-rtt-ClusterId{value='6343c8a072ce4e687142105f', description='null'}-ac-g1o6n6r-shard-00-01.aloxi4w.mongodb.net:27017] org.mongodb.driver.connection            : Opened connection [connectionId{localValue:19, serverValue:174722}] to ac-g1o6n6r-shard-00-01.aloxi4w.mongodb.net:27017
2022-10-10 16:57:40.098  INFO 16652 --- [AsyncResolver-bootstrap-executor-0] c.n.d.s.r.aws.ConfigClusterResolver      : Resolving eureka endpoints via configuration
2022-10-10 17:02:40.100  INFO 16652 --- [AsyncResolver-bootstrap-executor-0] c.n.d.s.r.aws.ConfigClusterResolver      : Resolving eureka endpoints via configuration
2022-10-10 17:07:40.116  INFO 16652 --- [AsyncResolver-bootstrap-executor-0] c.n.d.s.r.aws.ConfigClusterResolver      : Resolving eureka endpoints via configuration
2022-10-10 17:12:40.121  INFO 16652 --- [AsyncResolver-bootstrap-executor-0] c.n.d.s.r.aws.ConfigClusterResolver      : Resolving eureka endpoints via configuration
2022-10-10 17:17:40.128  INFO 16652 --- [AsyncResolver-bootstrap-executor-0] c.n.d.s.r.aws.ConfigClusterResolver      : Resolving eureka endpoints via configuration
2022-10-10 17:22:40.142  INFO 16652 --- [AsyncResolver-bootstrap-executor-0] c.n.d.s.r.aws.ConfigClusterResolver      : Resolving eureka endpoints via configuration
2022-10-10 17:27:40.181  INFO 16652 --- [AsyncResolver-bootstrap-executor-0] c.n.d.s.r.aws.ConfigClusterResolver      : Resolving eureka endpoints via configuration
2022-10-10 17:32:40.191  INFO 16652 --- [AsyncResolver-bootstrap-executor-0] c.n.d.s.r.aws.ConfigClusterResolver      : Resolving eureka endpoints via configuration
2022-10-10 17:37:40.203  INFO 16652 --- [AsyncResolver-bootstrap-executor-0] c.n.d.s.r.aws.ConfigClusterResolver      : Resolving eureka endpoints via configuration
2022-10-10 17:42:40.212  INFO 16652 --- [AsyncResolver-bootstrap-executor-0] c.n.d.s.r.aws.ConfigClusterResolver      : Resolving eureka endpoints via configuration
2022-10-10 17:47:40.216  INFO 16652 --- [AsyncResolver-bootstrap-executor-0] c.n.d.s.r.aws.ConfigClusterResolver      : Resolving eureka endpoints via configuration
2022-10-10 17:52:40.239  INFO 16652 --- [AsyncResolver-bootstrap-executor-0] c.n.d.s.r.aws.ConfigClusterResolver      : Resolving eureka endpoints via configuration
2022-10-10 17:57:40.248  INFO 16652 --- [AsyncResolver-bootstrap-executor-0] c.n.d.s.r.aws.ConfigClusterResolver      : Resolving eureka endpoints via configuration
2022-10-10 18:02:40.250  INFO 16652 --- [AsyncResolver-bootstrap-executor-0] c.n.d.s.r.aws.ConfigClusterResolver      : Resolving eureka endpoints via configuration
2022-10-10 18:07:40.256  INFO 16652 --- [AsyncResolver-bootstrap-executor-0] c.n.d.s.r.aws.ConfigClusterResolver      : Resolving eureka endpoints via configuration
2022-10-10 18:12:40.267  INFO 16652 --- [AsyncResolver-bootstrap-executor-0] c.n.d.s.r.aws.ConfigClusterResolver      : Resolving eureka endpoints via configuration
2022-10-10 18:17:40.269  INFO 16652 --- [AsyncResolver-bootstrap-executor-0] c.n.d.s.r.aws.ConfigClusterResolver      : Resolving eureka endpoints via configuration
2022-10-10 18:22:40.286  INFO 16652 --- [AsyncResolver-bootstrap-executor-0] c.n.d.s.r.aws.ConfigClusterResolver      : Resolving eureka endpoints via configuration
2022-10-10 18:27:40.300  INFO 16652 --- [AsyncResolver-bootstrap-executor-0] c.n.d.s.r.aws.ConfigClusterResolver      : Resolving eureka endpoints via configuration
2022-10-10 18:32:40.310  INFO 16652 --- [AsyncResolver-bootstrap-executor-0] c.n.d.s.r.aws.ConfigClusterResolver      : Resolving eureka endpoints via configuration
2022-10-10 18:37:40.321  INFO 16652 --- [AsyncResolver-bootstrap-executor-0] c.n.d.s.r.aws.ConfigClusterResolver      : Resolving eureka endpoints via configuration
2022-10-10 18:42:40.325  INFO 16652 --- [AsyncResolver-bootstrap-executor-0] c.n.d.s.r.aws.ConfigClusterResolver      : Resolving eureka endpoints via configuration
2022-10-10 18:47:40.335  INFO 16652 --- [AsyncResolver-bootstrap-executor-0] c.n.d.s.r.aws.ConfigClusterResolver      : Resolving eureka endpoints via configuration
2022-10-10 18:52:40.339  INFO 16652 --- [AsyncResolver-bootstrap-executor-0] c.n.d.s.r.aws.ConfigClusterResolver      : Resolving eureka endpoints via configuration
2022-10-10 18:57:40.348  INFO 16652 --- [AsyncResolver-bootstrap-executor-0] c.n.d.s.r.aws.ConfigClusterResolver      : Resolving eureka endpoints via configuration
2022-10-10 19:02:40.349  INFO 16652 --- [AsyncResolver-bootstrap-executor-0] c.n.d.s.r.aws.ConfigClusterResolver      : Resolving eureka endpoints via configuration
2022-10-10 19:07:40.361  INFO 16652 --- [AsyncResolver-bootstrap-executor-0] c.n.d.s.r.aws.ConfigClusterResolver      : Resolving eureka endpoints via configuration
2022-10-10 19:12:40.368  INFO 16652 --- [AsyncResolver-bootstrap-executor-0] c.n.d.s.r.aws.ConfigClusterResolver      : Resolving eureka endpoints via configuration
2022-10-10 19:17:40.374  INFO 16652 --- [AsyncResolver-bootstrap-executor-0] c.n.d.s.r.aws.ConfigClusterResolver      : Resolving eureka endpoints via configuration
2022-10-10 19:22:40.375  INFO 16652 --- [AsyncResolver-bootstrap-executor-0] c.n.d.s.r.aws.ConfigClusterResolver      : Resolving eureka endpoints via configuration
2022-10-10 19:27:40.380  INFO 16652 --- [AsyncResolver-bootstrap-executor-0] c.n.d.s.r.aws.ConfigClusterResolver      : Resolving eureka endpoints via configuration
2022-10-10 19:32:40.392  INFO 16652 --- [AsyncResolver-bootstrap-executor-0] c.n.d.s.r.aws.ConfigClusterResolver      : Resolving eureka endpoints via configuration
2022-10-10 19:37:40.396  INFO 16652 --- [AsyncResolver-bootstrap-executor-0] c.n.d.s.r.aws.ConfigClusterResolver      : Resolving eureka endpoints via configuration
2022-10-10 19:42:40.397  INFO 16652 --- [AsyncResolver-bootstrap-executor-0] c.n.d.s.r.aws.ConfigClusterResolver      : Resolving eureka endpoints via configuration
2022-10-10 19:47:40.420  INFO 16652 --- [AsyncResolver-bootstrap-executor-0] c.n.d.s.r.aws.ConfigClusterResolver      : Resolving eureka endpoints via configuration
2022-10-10 19:52:40.428  INFO 16652 --- [AsyncResolver-bootstrap-executor-0] c.n.d.s.r.aws.ConfigClusterResolver      : Resolving eureka endpoints via configuration
2022-10-10 19:57:40.437  INFO 16652 --- [AsyncResolver-bootstrap-executor-0] c.n.d.s.r.aws.ConfigClusterResolver      : Resolving eureka endpoints via configuration
2022-10-10 20:02:40.445  INFO 16652 --- [AsyncResolver-bootstrap-executor-0] c.n.d.s.r.aws.ConfigClusterResolver      : Resolving eureka endpoints via configuration
2022-10-10 20:07:40.461  INFO 16652 --- [AsyncResolver-bootstrap-executor-0] c.n.d.s.r.aws.ConfigClusterResolver      : Resolving eureka endpoints via configuration
2022-10-10 20:12:40.465  INFO 16652 --- [AsyncResolver-bootstrap-executor-0] c.n.d.s.r.aws.ConfigClusterResolver      : Resolving eureka endpoints via configuration
2022-10-10 20:17:40.469  INFO 16652 --- [AsyncResolver-bootstrap-executor-0] c.n.d.s.r.aws.ConfigClusterResolver      : Resolving eureka endpoints via configuration
2022-10-10 20:22:40.489  INFO 16652 --- [AsyncResolver-bootstrap-executor-0] c.n.d.s.r.aws.ConfigClusterResolver      : Resolving eureka endpoints via configuration
2022-10-10 20:27:40.494  INFO 16652 --- [AsyncResolver-bootstrap-executor-0] c.n.d.s.r.aws.ConfigClusterResolver      : Resolving eureka endpoints via configuration
2022-10-10 20:32:40.504  INFO 16652 --- [AsyncResolver-bootstrap-executor-0] c.n.d.s.r.aws.ConfigClusterResolver      : Resolving eureka endpoints via configuration
2022-10-10 20:37:40.519  INFO 16652 --- [AsyncResolver-bootstrap-executor-0] c.n.d.s.r.aws.ConfigClusterResolver      : Resolving eureka endpoints via configuration
2022-10-10 20:42:40.538  INFO 16652 --- [AsyncResolver-bootstrap-executor-0] c.n.d.s.r.aws.ConfigClusterResolver      : Resolving eureka endpoints via configuration
2022-10-10 20:47:40.552  INFO 16652 --- [AsyncResolver-bootstrap-executor-0] c.n.d.s.r.aws.ConfigClusterResolver      : Resolving eureka endpoints via configuration
2022-10-10 20:52:40.565  INFO 16652 --- [AsyncResolver-bootstrap-executor-0] c.n.d.s.r.aws.ConfigClusterResolver      : Resolving eureka endpoints via configuration
2022-10-10 20:57:40.573  INFO 16652 --- [AsyncResolver-bootstrap-executor-0] c.n.d.s.r.aws.ConfigClusterResolver      : Resolving eureka endpoints via configuration
2022-10-10 21:02:40.581  INFO 16652 --- [AsyncResolver-bootstrap-executor-0] c.n.d.s.r.aws.ConfigClusterResolver      : Resolving eureka endpoints via configuration
2022-10-10 21:07:40.588  INFO 16652 --- [AsyncResolver-bootstrap-executor-0] c.n.d.s.r.aws.ConfigClusterResolver      : Resolving eureka endpoints via configuration
2022-10-10 21:12:40.594  INFO 16652 --- [AsyncResolver-bootstrap-executor-0] c.n.d.s.r.aws.ConfigClusterResolver      : Resolving eureka endpoints via configuration
2022-10-10 21:17:40.607  INFO 16652 --- [AsyncResolver-bootstrap-executor-0] c.n.d.s.r.aws.ConfigClusterResolver      : Resolving eureka endpoints via configuration
2022-10-10 21:22:40.613  INFO 16652 --- [AsyncResolver-bootstrap-executor-0] c.n.d.s.r.aws.ConfigClusterResolver      : Resolving eureka endpoints via configuration
2022-10-10 21:27:40.623  INFO 16652 --- [AsyncResolver-bootstrap-executor-0] c.n.d.s.r.aws.ConfigClusterResolver      : Resolving eureka endpoints via configuration
2022-10-10 21:32:40.647  INFO 16652 --- [AsyncResolver-bootstrap-executor-0] c.n.d.s.r.aws.ConfigClusterResolver      : Resolving eureka endpoints via configuration
